<?xml version="1.0" encoding="UTF-8"?>
<!-- Generated by org.testng.reporters.JUnitXMLReporter -->
<testsuite ignored="0" hostname="Abhishek" failures="0" tests="6" name="Default test" time="11.016" errors="0" timestamp="2024-01-27T21:41:57 IST">
  <testcase classname="api.tests.DataDrivenTests" name="testDeleteUserByName" time="3.233"/>
  <testcase classname="api.tests.DataDrivenTests" name="testDeleteUserByName" time="1.217"/>
  <testcase classname="api.tests.DataDrivenTests" name="testDeleteUserByName" time="1.205"/>
  <testcase classname="api.tests.DataDrivenTests" name="testPostUser" time="1.58"/>
  <testcase classname="api.tests.DataDrivenTests" name="testPostUser" time="1.169"/>
  <testcase classname="api.tests.DataDrivenTests" name="testPostUser" time="1.192"/>
</testsuite> <!-- Default test -->
