<?xml version="1.0" encoding="UTF-8"?>
<!-- Generated by org.testng.reporters.JUnitXMLReporter -->
<testsuite ignored="0" hostname="Abhishek" failures="0" tests="4" name="Test" time="9.379" errors="0" timestamp="2024-01-28T00:41:43 IST">
  <testcase classname="api.tests.UserTests2" name="testPostUser" time="3.349"/>
  <testcase classname="api.tests.UserTests2" name="testGetUserByName" time="1.23"/>
  <testcase classname="api.tests.UserTests2" name="testUpdateUserByName" time="2.376"/>
  <testcase classname="api.tests.UserTests2" name="testDeleteUserByName" time="1.209"/>
</testsuite> <!-- Test -->
