<?xml version="1.0" encoding="UTF-8"?>
<!-- Generated by org.testng.reporters.JUnitXMLReporter -->
<testsuite ignored="0" hostname="Abhishek" failures="0" tests="4" name="Test" time="11.206" errors="0" timestamp="2024-01-28T01:14:44 IST">
  <testcase classname="api.tests.UserTests2" name="testPostUser" time="4.467"/>
  <testcase classname="api.tests.UserTests2" name="testGetUserByName" time="1.222"/>
  <testcase classname="api.tests.UserTests2" name="testUpdateUserByName" time="2.357"/>
  <testcase classname="api.tests.UserTests2" name="testDeleteUserByName" time="1.182"/>
</testsuite> <!-- Test -->
