<?xml version="1.0" encoding="UTF-8"?>
<testng-results ignored="0" total="4" passed="4" failed="0" skipped="0">
  <reporter-output>
  </reporter-output>
  <suite started-at="2024-01-28T00:41:33 IST" name="Suite" finished-at="2024-01-28T00:41:43 IST" duration-ms="9379">
    <groups>
    </groups>
    <test started-at="2024-01-28T00:41:33 IST" name="Test" finished-at="2024-01-28T00:41:43 IST" duration-ms="9379">
      <class name="api.tests.UserTests2">
        <test-method is-config="true" signature="setup()[pri:0, instance:api.tests.UserTests2@4efbca5a]" started-at="2024-01-28T00:41:34 IST" name="setup" finished-at="2024-01-28T00:41:34 IST" duration-ms="856" status="PASS">
          <reporter-output>
          </reporter-output>
        </test-method> <!-- setup -->
        <test-method signature="testPostUser()[pri:1, instance:api.tests.UserTests2@4efbca5a]" started-at="2024-01-28T00:41:34 IST" name="testPostUser" finished-at="2024-01-28T00:41:38 IST" duration-ms="3349" status="PASS">
          <reporter-output>
          </reporter-output>
        </test-method> <!-- testPostUser -->
        <test-method signature="testGetUserByName()[pri:2, instance:api.tests.UserTests2@4efbca5a]" started-at="2024-01-28T00:41:38 IST" name="testGetUserByName" finished-at="2024-01-28T00:41:39 IST" duration-ms="1230" status="PASS">
          <reporter-output>
          </reporter-output>
        </test-method> <!-- testGetUserByName -->
        <test-method signature="testUpdateUserByName()[pri:3, instance:api.tests.UserTests2@4efbca5a]" started-at="2024-01-28T00:41:39 IST" name="testUpdateUserByName" finished-at="2024-01-28T00:41:41 IST" duration-ms="2376" status="PASS">
          <reporter-output>
          </reporter-output>
        </test-method> <!-- testUpdateUserByName -->
        <test-method signature="testDeleteUserByName()[pri:4, instance:api.tests.UserTests2@4efbca5a]" started-at="2024-01-28T00:41:41 IST" name="testDeleteUserByName" finished-at="2024-01-28T00:41:43 IST" duration-ms="1209" status="PASS">
          <reporter-output>
          </reporter-output>
        </test-method> <!-- testDeleteUserByName -->
      </class> <!-- api.tests.UserTests2 -->
    </test> <!-- Test -->
  </suite> <!-- Suite -->
</testng-results>
